2026-07-07 17:28:11 [INFO] starting data download
2026-07-07 17:28:11 [INFO] searching for:'OL15626917W'
2026-07-07 17:28:14 [INFO] saved to ..\..\data\works\OL15626917W.json
2026-07-07 17:28:14 [INFO] completed
2026-07-07 17:28:14 [INFO] searching for:'OL4772214W'
2026-07-07 17:28:17 [INFO] saved to ..\..\data\works\OL4772214W.json
2026-07-07 17:28:17 [INFO] completed
2026-07-07 17:28:17 [INFO] searching for:'OL19963111W'
2026-07-07 17:28:19 [INFO] saved to ..\..\data\works\OL19963111W.json
2026-07-07 17:28:19 [INFO] completed
2026-07-07 17:28:19 [INFO] searching for:'OL15110516W'
2026-07-07 17:28:20 [INFO] saved to ..\..\data\works\OL15110516W.json
2026-07-07 17:28:20 [INFO] completed
2026-07-07 17:28:20 [INFO] searching for:'OL66554W'
2026-07-07 17:28:22 [INFO] saved to ..\..\data\works\OL66554W.json
2026-07-07 17:28:22 [INFO] completed
2026-07-15 13:18:37 [INFO] Starting OpenLibrary data download...
2026-07-15 13:18:37 [INFO] Searching for: 'harry potter'
2026-07-15 13:18:37 [INFO] Fetching 'harry potter' - page 1/10...
2026-07-15 13:18:39 [INFO] Saved to ..\..\data\books\titles\Title=harry_potter\Page=01\data.json
2026-07-15 13:18:39 [INFO] Fetching 'harry potter' - page 2/10...
2026-07-15 13:18:41 [INFO] Saved to ..\..\data\books\titles\Title=harry_potter\Page=02\data.json
2026-07-15 13:18:41 [INFO] Fetching 'harry potter' - page 3/10...
2026-07-15 13:18:44 [INFO] Saved to ..\..\data\books\titles\Title=harry_potter\Page=03\data.json
2026-07-15 13:18:44 [INFO] Fetching 'harry potter' - page 4/10...
2026-07-15 13:18:46 [INFO] Saved to ..\..\data\books\titles\Title=harry_potter\Page=04\data.json
2026-07-15 13:18:46 [INFO] Fetching 'harry potter' - page 5/10...
2026-07-15 13:18:48 [INFO] Saved to ..\..\data\books\titles\Title=harry_potter\Page=05\data.json
2026-07-15 13:18:48 [INFO] Fetching 'harry potter' - page 6/10...
2026-07-15 13:18:50 [INFO] Saved to ..\..\data\books\titles\Title=harry_potter\Page=06\data.json
2026-07-15 13:18:50 [INFO] Fetching 'harry potter' - page 7/10...
2026-07-15 13:18:53 [INFO] Saved to ..\..\data\books\titles\Title=harry_potter\Page=07\data.json
2026-07-15 13:18:54 [INFO] Fetching 'harry potter' - page 8/10...
2026-07-15 13:18:55 [INFO] Saved to ..\..\data\books\titles\Title=harry_potter\Page=08\data.json
2026-07-15 13:18:56 [INFO] Fetching 'harry potter' - page 9/10...
2026-07-15 13:18:58 [INFO] Saved to ..\..\data\books\titles\Title=harry_potter\Page=09\data.json
2026-07-15 13:18:58 [INFO] Fetching 'harry potter' - page 10/10...
2026-07-15 13:19:00 [INFO] Saved to ..\..\data\books\titles\Title=harry_potter\Page=10\data.json
2026-07-15 13:19:01 [INFO] Searching for: 'the hobbit'
2026-07-15 13:19:01 [INFO] Fetching 'the hobbit' - page 1/10...
2026-07-15 13:19:03 [INFO] Saved to ..\..\data\books\titles\Title=the_hobbit\Page=01\data.json
2026-07-15 13:19:03 [INFO] Fetching 'the hobbit' - page 2/10...
2026-07-15 13:19:05 [INFO] Saved to ..\..\data\books\titles\Title=the_hobbit\Page=02\data.json
2026-07-15 13:19:06 [INFO] Fetching 'the hobbit' - page 3/10...
2026-07-15 13:19:07 [INFO] Saved to ..\..\data\books\titles\Title=the_hobbit\Page=03\data.json
2026-07-15 13:19:08 [INFO] Fetching 'the hobbit' - page 4/10...
2026-07-15 13:19:09 [INFO] Saved to ..\..\data\books\titles\Title=the_hobbit\Page=04\data.json
2026-07-15 13:19:10 [INFO] Fetching 'the hobbit' - page 5/10...
2026-07-15 13:19:11 [INFO] Saved to ..\..\data\books\titles\Title=the_hobbit\Page=05\data.json
2026-07-15 13:19:12 [INFO] Fetching 'the hobbit' - page 6/10...
2026-07-15 13:19:13 [INFO] Saved to ..\..\data\books\titles\Title=the_hobbit\Page=06\data.json
2026-07-15 13:19:14 [INFO] Fetching 'the hobbit' - page 7/10...
2026-07-15 13:19:15 [INFO] Saved to ..\..\data\books\titles\Title=the_hobbit\Page=07\data.json
2026-07-15 13:19:16 [INFO] Fetching 'the hobbit' - page 8/10...
2026-07-15 13:19:17 [INFO] Saved to ..\..\data\books\titles\Title=the_hobbit\Page=08\data.json
2026-07-15 13:19:18 [INFO] Fetching 'the hobbit' - page 9/10...
2026-07-15 13:19:20 [INFO] Saved to ..\..\data\books\titles\Title=the_hobbit\Page=09\data.json
2026-07-15 13:19:20 [INFO] Fetching 'the hobbit' - page 10/10...
2026-07-15 13:19:22 [INFO] Saved to ..\..\data\books\titles\Title=the_hobbit\Page=10\data.json
2026-07-15 13:19:23 [INFO] Searching for: 'percy jackson'
2026-07-15 13:19:23 [INFO] Fetching 'percy jackson' - page 1/10...
2026-07-15 13:19:25 [INFO] Saved to ..\..\data\books\titles\Title=percy_jackson\Page=01\data.json
2026-07-15 13:19:26 [INFO] Fetching 'percy jackson' - page 2/10...
2026-07-15 13:19:28 [INFO] Saved to ..\..\data\books\titles\Title=percy_jackson\Page=02\data.json
2026-07-15 13:19:28 [INFO] Fetching 'percy jackson' - page 3/10...
2026-07-15 13:19:31 [INFO] Saved to ..\..\data\books\titles\Title=percy_jackson\Page=03\data.json
2026-07-15 13:19:31 [INFO] Fetching 'percy jackson' - page 4/10...
2026-07-15 13:19:33 [INFO] Saved to ..\..\data\books\titles\Title=percy_jackson\Page=04\data.json
2026-07-15 13:19:34 [INFO] Fetching 'percy jackson' - page 5/10...
2026-07-15 13:19:36 [INFO] Saved to ..\..\data\books\titles\Title=percy_jackson\Page=05\data.json
2026-07-15 13:19:36 [INFO] Fetching 'percy jackson' - page 6/10...
2026-07-15 13:19:39 [INFO] Saved to ..\..\data\books\titles\Title=percy_jackson\Page=06\data.json
2026-07-15 13:19:39 [INFO] Fetching 'percy jackson' - page 7/10...
2026-07-15 13:19:41 [INFO] Saved to ..\..\data\books\titles\Title=percy_jackson\Page=07\data.json
2026-07-15 13:19:42 [INFO] Fetching 'percy jackson' - page 8/10...
2026-07-15 13:19:44 [INFO] Saved to ..\..\data\books\titles\Title=percy_jackson\Page=08\data.json
2026-07-15 13:19:44 [INFO] Fetching 'percy jackson' - page 9/10...
2026-07-15 13:19:47 [INFO] Saved to ..\..\data\books\titles\Title=percy_jackson\Page=09\data.json
2026-07-15 13:19:47 [INFO] Fetching 'percy jackson' - page 10/10...
2026-07-15 13:19:49 [INFO] Saved to ..\..\data\books\titles\Title=percy_jackson\Page=10\data.json
2026-07-15 13:19:50 [INFO] Searching for: 'lord of the rings'
2026-07-15 13:19:50 [INFO] Fetching 'lord of the rings' - page 1/10...
2026-07-15 13:19:53 [INFO] Saved to ..\..\data\books\titles\Title=lord_of_the_rings\Page=01\data.json
2026-07-15 13:19:54 [INFO] Fetching 'lord of the rings' - page 2/10...
2026-07-15 13:19:56 [INFO] Saved to ..\..\data\books\titles\Title=lord_of_the_rings\Page=02\data.json
2026-07-15 13:19:57 [INFO] Fetching 'lord of the rings' - page 3/10...
2026-07-15 13:20:00 [INFO] Saved to ..\..\data\books\titles\Title=lord_of_the_rings\Page=03\data.json
2026-07-15 13:20:00 [INFO] Fetching 'lord of the rings' - page 4/10...
2026-07-15 13:20:03 [INFO] Saved to ..\..\data\books\titles\Title=lord_of_the_rings\Page=04\data.json
2026-07-15 13:20:03 [INFO] Fetching 'lord of the rings' - page 5/10...
2026-07-15 13:20:06 [INFO] Saved to ..\..\data\books\titles\Title=lord_of_the_rings\Page=05\data.json
2026-07-15 13:20:06 [INFO] Fetching 'lord of the rings' - page 6/10...
2026-07-15 13:20:08 [INFO] Saved to ..\..\data\books\titles\Title=lord_of_the_rings\Page=06\data.json
2026-07-15 13:20:09 [INFO] Fetching 'lord of the rings' - page 7/10...
2026-07-15 13:20:11 [INFO] Saved to ..\..\data\books\titles\Title=lord_of_the_rings\Page=07\data.json
2026-07-15 13:20:11 [INFO] Fetching 'lord of the rings' - page 8/10...
2026-07-15 13:20:14 [INFO] Saved to ..\..\data\books\titles\Title=lord_of_the_rings\Page=08\data.json
2026-07-15 13:20:15 [INFO] Fetching 'lord of the rings' - page 9/10...
2026-07-15 13:20:17 [INFO] Saved to ..\..\data\books\titles\Title=lord_of_the_rings\Page=09\data.json
2026-07-15 13:20:18 [INFO] Fetching 'lord of the rings' - page 10/10...
2026-07-15 13:20:20 [INFO] Saved to ..\..\data\books\titles\Title=lord_of_the_rings\Page=10\data.json
2026-07-15 13:20:21 [INFO] Searching for: 'the hunger games'
2026-07-15 13:20:21 [INFO] Fetching 'the hunger games' - page 1/10...
2026-07-15 13:20:23 [INFO] Saved to ..\..\data\books\titles\Title=the_hunger_games\Page=01\data.json
2026-07-15 13:20:24 [INFO] Fetching 'the hunger games' - page 2/10...
2026-07-15 13:20:26 [INFO] Saved to ..\..\data\books\titles\Title=the_hunger_games\Page=02\data.json
2026-07-15 13:20:27 [INFO] Fetching 'the hunger games' - page 3/10...
2026-07-15 13:20:29 [INFO] Saved to ..\..\data\books\titles\Title=the_hunger_games\Page=03\data.json
2026-07-15 13:20:29 [INFO] Fetching 'the hunger games' - page 4/10...
2026-07-15 13:20:31 [INFO] Saved to ..\..\data\books\titles\Title=the_hunger_games\Page=04\data.json
2026-07-15 13:20:32 [INFO] Fetching 'the hunger games' - page 5/10...
2026-07-15 13:20:34 [INFO] Saved to ..\..\data\books\titles\Title=the_hunger_games\Page=05\data.json
2026-07-15 13:20:35 [INFO] Fetching 'the hunger games' - page 6/10...
2026-07-15 13:20:37 [INFO] Saved to ..\..\data\books\titles\Title=the_hunger_games\Page=06\data.json
2026-07-15 13:20:38 [INFO] Fetching 'the hunger games' - page 7/10...
2026-07-15 13:20:40 [INFO] Saved to ..\..\data\books\titles\Title=the_hunger_games\Page=07\data.json
2026-07-15 13:20:40 [INFO] Fetching 'the hunger games' - page 8/10...
2026-07-15 13:20:42 [INFO] Saved to ..\..\data\books\titles\Title=the_hunger_games\Page=08\data.json
2026-07-15 13:20:43 [INFO] Fetching 'the hunger games' - page 9/10...
2026-07-15 13:20:45 [INFO] Saved to ..\..\data\books\titles\Title=the_hunger_games\Page=09\data.json
2026-07-15 13:20:45 [INFO] Fetching 'the hunger games' - page 10/10...
2026-07-15 13:20:47 [INFO] Saved to ..\..\data\books\titles\Title=the_hunger_games\Page=10\data.json
2026-07-15 13:20:48 [INFO] Searching for: 'chronicles of narnia'
2026-07-15 13:20:48 [INFO] Fetching 'chronicles of narnia' - page 1/10...
2026-07-15 13:20:50 [INFO] Saved to ..\..\data\books\titles\Title=chronicles_of_narnia\Page=01\data.json
2026-07-15 13:20:51 [INFO] Fetching 'chronicles of narnia' - page 2/10...
2026-07-15 13:20:53 [INFO] Saved to ..\..\data\books\titles\Title=chronicles_of_narnia\Page=02\data.json
2026-07-15 13:20:53 [INFO] Fetching 'chronicles of narnia' - page 3/10...
2026-07-15 13:20:56 [INFO] Saved to ..\..\data\books\titles\Title=chronicles_of_narnia\Page=03\data.json
2026-07-15 13:20:56 [INFO] Fetching 'chronicles of narnia' - page 4/10...
2026-07-15 13:20:58 [INFO] Saved to ..\..\data\books\titles\Title=chronicles_of_narnia\Page=04\data.json
2026-07-15 13:20:59 [INFO] Fetching 'chronicles of narnia' - page 5/10...
2026-07-15 13:21:01 [INFO] Saved to ..\..\data\books\titles\Title=chronicles_of_narnia\Page=05\data.json
2026-07-15 13:21:01 [INFO] Fetching 'chronicles of narnia' - page 6/10...
2026-07-15 13:21:03 [INFO] Saved to ..\..\data\books\titles\Title=chronicles_of_narnia\Page=06\data.json
2026-07-15 13:21:04 [INFO] Fetching 'chronicles of narnia' - page 7/10...
2026-07-15 13:21:06 [INFO] Saved to ..\..\data\books\titles\Title=chronicles_of_narnia\Page=07\data.json
2026-07-15 13:21:07 [INFO] Fetching 'chronicles of narnia' - page 8/10...
2026-07-15 13:21:09 [INFO] Saved to ..\..\data\books\titles\Title=chronicles_of_narnia\Page=08\data.json
2026-07-15 13:21:09 [INFO] Fetching 'chronicles of narnia' - page 9/10...
2026-07-15 13:21:11 [INFO] Saved to ..\..\data\books\titles\Title=chronicles_of_narnia\Page=09\data.json
2026-07-15 13:21:12 [INFO] Fetching 'chronicles of narnia' - page 10/10...
2026-07-15 13:21:13 [INFO] Saved to ..\..\data\books\titles\Title=chronicles_of_narnia\Page=10\data.json
2026-07-15 13:21:14 [INFO] Check the '..\..\data\books\titles' folder for your files.
2026-07-15 13:21:45 [INFO] starting data download
2026-07-15 13:21:45 [INFO] searching for:'OL15626917W'
2026-07-15 13:21:47 [INFO] saved to ..\..\data\works\OL15626917W.json
2026-07-15 13:21:47 [INFO] completed
2026-07-15 13:21:47 [INFO] searching for:'OL4772214W'
2026-07-15 13:21:49 [INFO] saved to ..\..\data\works\OL4772214W.json
2026-07-15 13:21:49 [INFO] completed
2026-07-15 13:21:49 [INFO] searching for:'OL19963111W'
2026-07-15 13:21:51 [INFO] saved to ..\..\data\works\OL19963111W.json
2026-07-15 13:21:51 [INFO] completed
2026-07-15 13:21:51 [INFO] searching for:'OL15110516W'
2026-07-15 13:21:53 [INFO] saved to ..\..\data\works\OL15110516W.json
2026-07-15 13:21:53 [INFO] completed
2026-07-15 13:21:53 [INFO] searching for:'OL66554W'
2026-07-15 13:21:55 [INFO] saved to ..\..\data\works\OL66554W.json
2026-07-15 13:21:55 [INFO] completed
2026-07-15 13:50:44 [INFO] starting data download
2026-07-15 13:50:44 [INFO] searching for:'OL15626917W'
2026-07-15 13:50:46 [INFO] saved to ..\..\data\works\OL15626917W.json
2026-07-15 13:50:46 [INFO] completed
2026-07-15 13:50:46 [INFO] searching for:'OL4772214W'
2026-07-15 13:50:48 [INFO] saved to ..\..\data\works\OL4772214W.json
2026-07-15 13:50:48 [INFO] completed
2026-07-15 13:50:48 [INFO] searching for:'OL19963111W'
2026-07-15 13:50:49 [INFO] saved to ..\..\data\works\OL19963111W.json
2026-07-15 13:50:49 [INFO] completed
2026-07-15 13:50:49 [INFO] searching for:'OL15110516W'
2026-07-15 13:50:51 [INFO] saved to ..\..\data\works\OL15110516W.json
2026-07-15 13:50:51 [INFO] completed
2026-07-15 13:50:51 [INFO] searching for:'OL66554W'
2026-07-15 13:50:52 [INFO] saved to ..\..\data\works\OL66554W.json
2026-07-15 13:50:52 [INFO] completed
