2026-07-07 17:28:51 [INFO] Starting OpenLibrary data download...
2026-07-07 17:28:51 [INFO] Searching for: 'harry potter'
2026-07-07 17:28:51 [INFO] Fetching 'harry potter' - page 1/10...
2026-07-07 17:28:54 [INFO] Saved to ..\..\data\books\titles\Title=harry_potter\Page=01\data.json
2026-07-07 17:28:54 [INFO] Fetching 'harry potter' - page 2/10...
2026-07-07 17:28:56 [INFO] Saved to ..\..\data\books\titles\Title=harry_potter\Page=02\data.json
2026-07-07 17:28:56 [INFO] Fetching 'harry potter' - page 3/10...
2026-07-07 17:28:59 [INFO] Saved to ..\..\data\books\titles\Title=harry_potter\Page=03\data.json
2026-07-07 17:29:00 [INFO] Fetching 'harry potter' - page 4/10...
2026-07-07 17:29:01 [INFO] Saved to ..\..\data\books\titles\Title=harry_potter\Page=04\data.json
2026-07-07 17:29:02 [INFO] Fetching 'harry potter' - page 5/10...
2026-07-07 17:29:04 [INFO] Saved to ..\..\data\books\titles\Title=harry_potter\Page=05\data.json
2026-07-07 17:29:05 [INFO] Fetching 'harry potter' - page 6/10...
2026-07-07 17:29:06 [INFO] Saved to ..\..\data\books\titles\Title=harry_potter\Page=06\data.json
2026-07-07 17:29:07 [INFO] Fetching 'harry potter' - page 7/10...
2026-07-07 17:29:08 [INFO] Saved to ..\..\data\books\titles\Title=harry_potter\Page=07\data.json
2026-07-07 17:29:09 [INFO] Fetching 'harry potter' - page 8/10...
2026-07-07 17:29:10 [INFO] Saved to ..\..\data\books\titles\Title=harry_potter\Page=08\data.json
2026-07-07 17:29:11 [INFO] Fetching 'harry potter' - page 9/10...
2026-07-07 17:29:13 [INFO] Saved to ..\..\data\books\titles\Title=harry_potter\Page=09\data.json
2026-07-07 17:29:13 [INFO] Fetching 'harry potter' - page 10/10...
2026-07-07 17:29:15 [INFO] Saved to ..\..\data\books\titles\Title=harry_potter\Page=10\data.json
2026-07-07 17:29:16 [INFO] Searching for: 'the hobbit'
2026-07-07 17:29:16 [INFO] Fetching 'the hobbit' - page 1/10...
2026-07-07 17:29:17 [INFO] Saved to ..\..\data\books\titles\Title=the_hobbit\Page=01\data.json
2026-07-07 17:29:18 [INFO] Fetching 'the hobbit' - page 2/10...
2026-07-07 17:29:19 [INFO] Saved to ..\..\data\books\titles\Title=the_hobbit\Page=02\data.json
2026-07-07 17:29:20 [INFO] Fetching 'the hobbit' - page 3/10...
2026-07-07 17:29:22 [INFO] Saved to ..\..\data\books\titles\Title=the_hobbit\Page=03\data.json
2026-07-07 17:29:23 [INFO] Fetching 'the hobbit' - page 4/10...
2026-07-07 17:29:24 [INFO] Saved to ..\..\data\books\titles\Title=the_hobbit\Page=04\data.json
2026-07-07 17:29:25 [INFO] Fetching 'the hobbit' - page 5/10...
2026-07-07 17:29:26 [INFO] Saved to ..\..\data\books\titles\Title=the_hobbit\Page=05\data.json
2026-07-07 17:29:27 [INFO] Fetching 'the hobbit' - page 6/10...
2026-07-07 17:29:28 [INFO] Saved to ..\..\data\books\titles\Title=the_hobbit\Page=06\data.json
2026-07-07 17:29:29 [INFO] Fetching 'the hobbit' - page 7/10...
2026-07-07 17:29:30 [INFO] Saved to ..\..\data\books\titles\Title=the_hobbit\Page=07\data.json
2026-07-07 17:29:31 [INFO] Fetching 'the hobbit' - page 8/10...
2026-07-07 17:29:32 [INFO] Saved to ..\..\data\books\titles\Title=the_hobbit\Page=08\data.json
2026-07-07 17:29:33 [INFO] Fetching 'the hobbit' - page 9/10...
2026-07-07 17:29:34 [INFO] Saved to ..\..\data\books\titles\Title=the_hobbit\Page=09\data.json
2026-07-07 17:29:35 [INFO] Fetching 'the hobbit' - page 10/10...
2026-07-07 17:29:37 [INFO] Saved to ..\..\data\books\titles\Title=the_hobbit\Page=10\data.json
2026-07-07 17:29:37 [INFO] Searching for: 'percy jackson'
2026-07-07 17:29:37 [INFO] Fetching 'percy jackson' - page 1/10...
2026-07-07 17:29:39 [INFO] Saved to ..\..\data\books\titles\Title=percy_jackson\Page=01\data.json
2026-07-07 17:29:39 [INFO] Fetching 'percy jackson' - page 2/10...
2026-07-07 17:29:41 [INFO] Saved to ..\..\data\books\titles\Title=percy_jackson\Page=02\data.json
2026-07-07 17:29:41 [INFO] Fetching 'percy jackson' - page 3/10...
2026-07-07 17:29:44 [INFO] Saved to ..\..\data\books\titles\Title=percy_jackson\Page=03\data.json
2026-07-07 17:29:44 [INFO] Fetching 'percy jackson' - page 4/10...
2026-07-07 17:29:46 [INFO] Saved to ..\..\data\books\titles\Title=percy_jackson\Page=04\data.json
2026-07-07 17:29:47 [INFO] Fetching 'percy jackson' - page 5/10...
2026-07-07 17:29:48 [INFO] Saved to ..\..\data\books\titles\Title=percy_jackson\Page=05\data.json
2026-07-07 17:29:49 [INFO] Fetching 'percy jackson' - page 6/10...
2026-07-07 17:29:50 [INFO] Saved to ..\..\data\books\titles\Title=percy_jackson\Page=06\data.json
2026-07-07 17:29:50 [INFO] Fetching 'percy jackson' - page 7/10...
2026-07-07 17:29:52 [INFO] Saved to ..\..\data\books\titles\Title=percy_jackson\Page=07\data.json
2026-07-07 17:29:52 [INFO] Fetching 'percy jackson' - page 8/10...
2026-07-07 17:29:54 [INFO] Saved to ..\..\data\books\titles\Title=percy_jackson\Page=08\data.json
2026-07-07 17:29:54 [INFO] Fetching 'percy jackson' - page 9/10...
2026-07-07 17:29:56 [INFO] Saved to ..\..\data\books\titles\Title=percy_jackson\Page=09\data.json
2026-07-07 17:29:56 [INFO] Fetching 'percy jackson' - page 10/10...
2026-07-07 17:29:58 [INFO] Saved to ..\..\data\books\titles\Title=percy_jackson\Page=10\data.json
2026-07-07 17:29:58 [INFO] Searching for: 'lord of the rings'
2026-07-07 17:29:58 [INFO] Fetching 'lord of the rings' - page 1/10...
2026-07-07 17:30:00 [INFO] Saved to ..\..\data\books\titles\Title=lord_of_the_rings\Page=01\data.json
2026-07-07 17:30:01 [INFO] Fetching 'lord of the rings' - page 2/10...
2026-07-07 17:30:02 [INFO] Saved to ..\..\data\books\titles\Title=lord_of_the_rings\Page=02\data.json
2026-07-07 17:30:03 [INFO] Fetching 'lord of the rings' - page 3/10...
2026-07-07 17:30:05 [INFO] Saved to ..\..\data\books\titles\Title=lord_of_the_rings\Page=03\data.json
2026-07-07 17:30:06 [INFO] Fetching 'lord of the rings' - page 4/10...
2026-07-07 17:30:08 [INFO] Saved to ..\..\data\books\titles\Title=lord_of_the_rings\Page=04\data.json
2026-07-07 17:30:08 [INFO] Fetching 'lord of the rings' - page 5/10...
2026-07-07 17:30:10 [INFO] Saved to ..\..\data\books\titles\Title=lord_of_the_rings\Page=05\data.json
2026-07-07 17:30:10 [INFO] Fetching 'lord of the rings' - page 6/10...
2026-07-07 17:30:12 [INFO] Saved to ..\..\data\books\titles\Title=lord_of_the_rings\Page=06\data.json
2026-07-07 17:30:13 [INFO] Fetching 'lord of the rings' - page 7/10...
2026-07-07 17:30:15 [INFO] Saved to ..\..\data\books\titles\Title=lord_of_the_rings\Page=07\data.json
2026-07-07 17:30:15 [INFO] Fetching 'lord of the rings' - page 8/10...
2026-07-07 17:30:18 [INFO] Saved to ..\..\data\books\titles\Title=lord_of_the_rings\Page=08\data.json
2026-07-07 17:30:18 [INFO] Fetching 'lord of the rings' - page 9/10...
2026-07-07 17:30:20 [INFO] Saved to ..\..\data\books\titles\Title=lord_of_the_rings\Page=09\data.json
2026-07-07 17:30:20 [INFO] Fetching 'lord of the rings' - page 10/10...
2026-07-07 17:30:22 [INFO] Saved to ..\..\data\books\titles\Title=lord_of_the_rings\Page=10\data.json
2026-07-07 17:30:23 [INFO] Searching for: 'the hunger games'
2026-07-07 17:30:23 [INFO] Fetching 'the hunger games' - page 1/10...
2026-07-07 17:30:25 [INFO] Saved to ..\..\data\books\titles\Title=the_hunger_games\Page=01\data.json
2026-07-07 17:30:25 [INFO] Fetching 'the hunger games' - page 2/10...
2026-07-07 17:30:27 [INFO] Saved to ..\..\data\books\titles\Title=the_hunger_games\Page=02\data.json
2026-07-07 17:30:27 [INFO] Fetching 'the hunger games' - page 3/10...
2026-07-07 17:30:29 [INFO] Saved to ..\..\data\books\titles\Title=the_hunger_games\Page=03\data.json
2026-07-07 17:30:29 [INFO] Fetching 'the hunger games' - page 4/10...
2026-07-07 17:30:31 [INFO] Saved to ..\..\data\books\titles\Title=the_hunger_games\Page=04\data.json
2026-07-07 17:30:31 [INFO] Fetching 'the hunger games' - page 5/10...
2026-07-07 17:30:33 [INFO] Saved to ..\..\data\books\titles\Title=the_hunger_games\Page=05\data.json
2026-07-07 17:30:33 [INFO] Fetching 'the hunger games' - page 6/10...
2026-07-07 17:30:35 [INFO] Saved to ..\..\data\books\titles\Title=the_hunger_games\Page=06\data.json
2026-07-07 17:30:35 [INFO] Fetching 'the hunger games' - page 7/10...
2026-07-07 17:30:36 [INFO] Saved to ..\..\data\books\titles\Title=the_hunger_games\Page=07\data.json
2026-07-07 17:30:37 [INFO] Fetching 'the hunger games' - page 8/10...
2026-07-07 17:30:39 [INFO] Saved to ..\..\data\books\titles\Title=the_hunger_games\Page=08\data.json
2026-07-07 17:30:39 [INFO] Fetching 'the hunger games' - page 9/10...
2026-07-07 17:30:40 [INFO] Saved to ..\..\data\books\titles\Title=the_hunger_games\Page=09\data.json
2026-07-07 17:30:41 [INFO] Fetching 'the hunger games' - page 10/10...
2026-07-07 17:30:42 [INFO] Saved to ..\..\data\books\titles\Title=the_hunger_games\Page=10\data.json
2026-07-07 17:30:43 [INFO] Searching for: 'chronicles of narnia'
2026-07-07 17:30:43 [INFO] Fetching 'chronicles of narnia' - page 1/10...
2026-07-07 17:30:45 [INFO] Saved to ..\..\data\books\titles\Title=chronicles_of_narnia\Page=01\data.json
2026-07-07 17:30:46 [INFO] Fetching 'chronicles of narnia' - page 2/10...
2026-07-07 17:30:48 [INFO] Saved to ..\..\data\books\titles\Title=chronicles_of_narnia\Page=02\data.json
2026-07-07 17:30:48 [INFO] Fetching 'chronicles of narnia' - page 3/10...
2026-07-07 17:30:50 [INFO] Saved to ..\..\data\books\titles\Title=chronicles_of_narnia\Page=03\data.json
2026-07-07 17:30:50 [INFO] Fetching 'chronicles of narnia' - page 4/10...
2026-07-07 17:30:53 [INFO] Saved to ..\..\data\books\titles\Title=chronicles_of_narnia\Page=04\data.json
2026-07-07 17:30:53 [INFO] Fetching 'chronicles of narnia' - page 5/10...
2026-07-07 17:30:55 [INFO] Saved to ..\..\data\books\titles\Title=chronicles_of_narnia\Page=05\data.json
2026-07-07 17:30:55 [INFO] Fetching 'chronicles of narnia' - page 6/10...
2026-07-07 17:30:57 [INFO] Saved to ..\..\data\books\titles\Title=chronicles_of_narnia\Page=06\data.json
2026-07-07 17:30:57 [INFO] Fetching 'chronicles of narnia' - page 7/10...
2026-07-07 17:30:59 [INFO] Saved to ..\..\data\books\titles\Title=chronicles_of_narnia\Page=07\data.json
2026-07-07 17:30:59 [INFO] Fetching 'chronicles of narnia' - page 8/10...
2026-07-07 17:31:01 [INFO] Saved to ..\..\data\books\titles\Title=chronicles_of_narnia\Page=08\data.json
2026-07-07 17:31:02 [INFO] Fetching 'chronicles of narnia' - page 9/10...
2026-07-07 17:31:03 [INFO] Saved to ..\..\data\books\titles\Title=chronicles_of_narnia\Page=09\data.json
2026-07-07 17:31:03 [INFO] Fetching 'chronicles of narnia' - page 10/10...
2026-07-07 17:31:05 [INFO] Saved to ..\..\data\books\titles\Title=chronicles_of_narnia\Page=10\data.json
2026-07-07 17:31:05 [INFO] Check the '..\..\data\books\titles' folder for your files.
