2026-07-07 17:26:38 [INFO] Starting OpenLibrary subjects download...
2026-07-07 17:26:38 [INFO] Fetching subject: 'science'...
2026-07-07 17:26:40 [INFO] Saved to ..\..\data\subjects\Subject=science\data.json
2026-07-07 17:26:41 [INFO] Fetching subject: 'fiction'...
2026-07-07 17:26:43 [INFO] Saved to ..\..\data\subjects\Subject=fiction\data.json
2026-07-07 17:26:43 [INFO] Fetching subject: 'fantasy'...
2026-07-07 17:26:46 [INFO] Saved to ..\..\data\subjects\Subject=fantasy\data.json
2026-07-07 17:26:46 [INFO] Fetching subject: 'history'...
2026-07-07 17:26:48 [INFO] Saved to ..\..\data\subjects\Subject=history\data.json
2026-07-07 17:26:48 [INFO] Fetching subject: 'romance'...
2026-07-07 17:26:50 [INFO] Saved to ..\..\data\subjects\Subject=romance\data.json
2026-07-07 17:26:51 [INFO] Fetching subject: 'biography'...
2026-07-07 17:26:53 [INFO] Saved to ..\..\data\subjects\Subject=biography\data.json
2026-07-07 17:26:53 [INFO] Fetching subject: 'philosophy'...
2026-07-07 17:26:55 [INFO] Saved to ..\..\data\subjects\Subject=philosophy\data.json
2026-07-07 17:26:56 [INFO] Fetching subject: 'poetry'...
2026-07-07 17:26:58 [INFO] Saved to ..\..\data\subjects\Subject=poetry\data.json
2026-07-07 17:26:59 [INFO] Fetching subject: 'mystery'...
2026-07-07 17:27:00 [INFO] Saved to ..\..\data\subjects\Subject=mystery\data.json
2026-07-07 17:27:01 [INFO] Fetching subject: 'art'...
2026-07-07 17:27:04 [INFO] Saved to ..\..\data\subjects\Subject=art\data.json
2026-07-07 17:27:04 [INFO] Check the '..\..\data\subjects' folder.
2026-07-15 13:21:14 [INFO] Starting OpenLibrary subjects download...
2026-07-15 13:21:14 [INFO] Fetching subject: 'science'...
2026-07-15 13:21:16 [INFO] Saved to ..\..\data\subjects\Subject=science\data.json
2026-07-15 13:21:17 [INFO] Fetching subject: 'fiction'...
2026-07-15 13:21:20 [INFO] Saved to ..\..\data\subjects\Subject=fiction\data.json
2026-07-15 13:21:20 [INFO] Fetching subject: 'fantasy'...
2026-07-15 13:21:23 [INFO] Saved to ..\..\data\subjects\Subject=fantasy\data.json
2026-07-15 13:21:23 [INFO] Fetching subject: 'history'...
2026-07-15 13:21:27 [INFO] Saved to ..\..\data\subjects\Subject=history\data.json
2026-07-15 13:21:27 [INFO] Fetching subject: 'romance'...
2026-07-15 13:21:29 [INFO] Saved to ..\..\data\subjects\Subject=romance\data.json
2026-07-15 13:21:30 [INFO] Fetching subject: 'biography'...
2026-07-15 13:21:32 [INFO] Saved to ..\..\data\subjects\Subject=biography\data.json
2026-07-15 13:21:32 [INFO] Fetching subject: 'philosophy'...
2026-07-15 13:21:35 [INFO] Saved to ..\..\data\subjects\Subject=philosophy\data.json
2026-07-15 13:21:35 [INFO] Fetching subject: 'poetry'...
2026-07-15 13:21:39 [INFO] Saved to ..\..\data\subjects\Subject=poetry\data.json
2026-07-15 13:21:40 [INFO] Fetching subject: 'mystery'...
2026-07-15 13:21:42 [INFO] Saved to ..\..\data\subjects\Subject=mystery\data.json
2026-07-15 13:21:42 [INFO] Fetching subject: 'art'...
2026-07-15 13:21:45 [INFO] Saved to ..\..\data\subjects\Subject=art\data.json
2026-07-15 13:21:45 [INFO] Check the '..\..\data\subjects' folder.
2026-07-15 13:50:17 [INFO] Starting OpenLibrary subjects download...
2026-07-15 13:50:17 [INFO] Fetching subject: 'science'...
2026-07-15 13:50:19 [INFO] Saved to ..\..\data\subjects\Subject=science\data.json
2026-07-15 13:50:20 [INFO] Fetching subject: 'fiction'...
2026-07-15 13:50:22 [INFO] Saved to ..\..\data\subjects\Subject=fiction\data.json
2026-07-15 13:50:23 [INFO] Fetching subject: 'fantasy'...
2026-07-15 13:50:25 [INFO] Saved to ..\..\data\subjects\Subject=fantasy\data.json
2026-07-15 13:50:25 [INFO] Fetching subject: 'history'...
2026-07-15 13:50:29 [INFO] Saved to ..\..\data\subjects\Subject=history\data.json
2026-07-15 13:50:29 [INFO] Fetching subject: 'romance'...
2026-07-15 13:50:31 [INFO] Saved to ..\..\data\subjects\Subject=romance\data.json
2026-07-15 13:50:32 [INFO] Fetching subject: 'biography'...
2026-07-15 13:50:34 [INFO] Saved to ..\..\data\subjects\Subject=biography\data.json
2026-07-15 13:50:34 [INFO] Fetching subject: 'philosophy'...
2026-07-15 13:50:36 [INFO] Saved to ..\..\data\subjects\Subject=philosophy\data.json
2026-07-15 13:50:37 [INFO] Fetching subject: 'poetry'...
2026-07-15 13:50:39 [INFO] Saved to ..\..\data\subjects\Subject=poetry\data.json
2026-07-15 13:50:40 [INFO] Fetching subject: 'mystery'...
2026-07-15 13:50:42 [INFO] Saved to ..\..\data\subjects\Subject=mystery\data.json
2026-07-15 13:50:42 [INFO] Fetching subject: 'art'...
2026-07-15 13:50:44 [INFO] Saved to ..\..\data\subjects\Subject=art\data.json
2026-07-15 13:50:44 [INFO] Check the '..\..\data\subjects' folder.
