2026-07-07 17:23:45 [INFO] Starting OpenLibrary editions download...
2026-07-07 17:23:45 [INFO] Looking up edition list for 'pride_and_prejudice' (OL205681W)...
2026-07-07 17:23:56 [ERROR] Error fetching edition list for 'OL205681W': HTTPSConnectionPool(host='openlibrary.org', port=443): Max retries exceeded with url: //works/OL205681W/editions.json?limit=10 (Caused by NameResolutionError("HTTPSConnection(host='openlibrary.org', port=443): Failed to resolve 'openlibrary.org' ([Errno 11001] getaddrinfo failed)"))
2026-07-07 17:23:56 [WARNING] No editions found for 'pride_and_prejudice' - skipping
2026-07-07 17:23:56 [INFO] Looking up edition list for '1984' (OL2064553W)...
2026-07-07 17:24:07 [ERROR] Error fetching edition list for 'OL2064553W': HTTPSConnectionPool(host='openlibrary.org', port=443): Max retries exceeded with url: //works/OL2064553W/editions.json?limit=10 (Caused by NameResolutionError("HTTPSConnection(host='openlibrary.org', port=443): Failed to resolve 'openlibrary.org' ([Errno 11001] getaddrinfo failed)"))
2026-07-07 17:24:07 [WARNING] No editions found for '1984' - skipping
2026-07-07 17:24:07 [INFO] Looking up edition list for 'dune' (OL24871618W)...
2026-07-07 17:24:07 [ERROR] Error fetching edition list for 'OL24871618W': HTTPSConnectionPool(host='openlibrary.org', port=443): Max retries exceeded with url: //works/OL24871618W/editions.json?limit=10 (Caused by NameResolutionError("HTTPSConnection(host='openlibrary.org', port=443): Failed to resolve 'openlibrary.org' ([Errno 11001] getaddrinfo failed)"))
2026-07-07 17:24:07 [WARNING] No editions found for 'dune' - skipping
2026-07-07 17:24:07 [INFO] Looking up edition list for 'to_kill_a_mockingbird' (OL2654143W)...
2026-07-07 17:24:07 [ERROR] Error fetching edition list for 'OL2654143W': HTTPSConnectionPool(host='openlibrary.org', port=443): Max retries exceeded with url: //works/OL2654143W/editions.json?limit=10 (Caused by NameResolutionError("HTTPSConnection(host='openlibrary.org', port=443): Failed to resolve 'openlibrary.org' ([Errno 11001] getaddrinfo failed)"))
2026-07-07 17:24:07 [WARNING] No editions found for 'to_kill_a_mockingbird' - skipping
2026-07-07 17:24:07 [INFO] Looking up edition list for 'the_great_gatsby' (OL468431W)...
2026-07-07 17:24:07 [ERROR] Error fetching edition list for 'OL468431W': HTTPSConnectionPool(host='openlibrary.org', port=443): Max retries exceeded with url: //works/OL468431W/editions.json?limit=10 (Caused by NameResolutionError("HTTPSConnection(host='openlibrary.org', port=443): Failed to resolve 'openlibrary.org' ([Errno 11001] getaddrinfo failed)"))
2026-07-07 17:24:07 [WARNING] No editions found for 'the_great_gatsby' - skipping
2026-07-07 17:24:07 [INFO] Looking up edition list for 'the_hobbit' (OL27482W)...
2026-07-07 17:24:07 [ERROR] Error fetching edition list for 'OL27482W': HTTPSConnectionPool(host='openlibrary.org', port=443): Max retries exceeded with url: //works/OL27482W/editions.json?limit=10 (Caused by NameResolutionError("HTTPSConnection(host='openlibrary.org', port=443): Failed to resolve 'openlibrary.org' ([Errno 11001] getaddrinfo failed)"))
2026-07-07 17:24:07 [WARNING] No editions found for 'the_hobbit' - skipping
2026-07-07 17:24:07 [INFO] Looking up edition list for 'the_catcher_in_the_rye' (OL466465W)...
2026-07-07 17:24:07 [ERROR] Error fetching edition list for 'OL466465W': HTTPSConnectionPool(host='openlibrary.org', port=443): Max retries exceeded with url: //works/OL466465W/editions.json?limit=10 (Caused by NameResolutionError("HTTPSConnection(host='openlibrary.org', port=443): Failed to resolve 'openlibrary.org' ([Errno 11001] getaddrinfo failed)"))
2026-07-07 17:24:07 [WARNING] No editions found for 'the_catcher_in_the_rye' - skipping
2026-07-07 17:24:07 [INFO] Looking up edition list for 'the_hunger_games' (OL25815995W)...
2026-07-07 17:24:07 [ERROR] Error fetching edition list for 'OL25815995W': HTTPSConnectionPool(host='openlibrary.org', port=443): Max retries exceeded with url: //works/OL25815995W/editions.json?limit=10 (Caused by NameResolutionError("HTTPSConnection(host='openlibrary.org', port=443): Failed to resolve 'openlibrary.org' ([Errno 11001] getaddrinfo failed)"))
2026-07-07 17:24:07 [WARNING] No editions found for 'the_hunger_games' - skipping
2026-07-07 17:24:07 [INFO] Looking up edition list for 'the_kite_runner' (OL11537334W)...
2026-07-07 17:24:07 [ERROR] Error fetching edition list for 'OL11537334W': HTTPSConnectionPool(host='openlibrary.org', port=443): Max retries exceeded with url: //works/OL11537334W/editions.json?limit=10 (Caused by NameResolutionError("HTTPSConnection(host='openlibrary.org', port=443): Failed to resolve 'openlibrary.org' ([Errno 11001] getaddrinfo failed)"))
2026-07-07 17:24:07 [WARNING] No editions found for 'the_kite_runner' - skipping
2026-07-07 17:24:07 [INFO] Looking up edition list for 'sapiens' (OL22088918W)...
2026-07-07 17:24:07 [ERROR] Error fetching edition list for 'OL22088918W': HTTPSConnectionPool(host='openlibrary.org', port=443): Max retries exceeded with url: //works/OL22088918W/editions.json?limit=10 (Caused by NameResolutionError("HTTPSConnection(host='openlibrary.org', port=443): Failed to resolve 'openlibrary.org' ([Errno 11001] getaddrinfo failed)"))
2026-07-07 17:24:07 [WARNING] No editions found for 'sapiens' - skipping
2026-07-07 17:24:07 [INFO] Saved to '..\..\data\books\editions'.
2026-07-07 17:34:55 [INFO] Starting OpenLibrary editions download...
2026-07-07 17:34:55 [INFO] Looking up edition list for 'pride_and_prejudice' (OL205681W)...
2026-07-07 17:34:58 [INFO] Fetching 'pride_and_prejudice' - edition 1/4 (OL23303430M)...
2026-07-07 17:35:00 [INFO] Saved to ..\..\data\books\editions\Book=pride_and_prejudice\Edition=01\data.json
2026-07-07 17:35:01 [INFO] Fetching 'pride_and_prejudice' - edition 2/4 (OL18872864M)...
2026-07-07 17:35:03 [INFO] Saved to ..\..\data\books\editions\Book=pride_and_prejudice\Edition=02\data.json
2026-07-07 17:35:03 [INFO] Fetching 'pride_and_prejudice' - edition 3/4 (OL6939361M)...
2026-07-07 17:35:06 [INFO] Saved to ..\..\data\books\editions\Book=pride_and_prejudice\Edition=03\data.json
2026-07-07 17:35:06 [INFO] Fetching 'pride_and_prejudice' - edition 4/4 (OL7161378M)...
2026-07-07 17:35:09 [INFO] Saved to ..\..\data\books\editions\Book=pride_and_prejudice\Edition=04\data.json
2026-07-07 17:35:09 [INFO] Looking up edition list for '1984' (OL2064553W)...
2026-07-07 17:35:11 [INFO] Fetching '1984' - edition 1/1 (OL2241111M)...
2026-07-07 17:35:14 [INFO] Saved to ..\..\data\books\editions\Book=1984\Edition=01\data.json
2026-07-07 17:35:14 [INFO] Looking up edition list for 'dune' (OL24871618W)...
2026-07-07 17:35:17 [INFO] Fetching 'dune' - edition 1/1 (OL33059676M)...
2026-07-07 17:35:19 [INFO] Saved to ..\..\data\books\editions\Book=dune\Edition=01\data.json
2026-07-07 17:35:19 [INFO] Looking up edition list for 'to_kill_a_mockingbird' (OL2654143W)...
2026-07-07 17:35:21 [INFO] Fetching 'to_kill_a_mockingbird' - edition 1/1 (OL4884296M)...
2026-07-07 17:35:23 [INFO] Saved to ..\..\data\books\editions\Book=to_kill_a_mockingbird\Edition=01\data.json
2026-07-07 17:35:24 [INFO] Looking up edition list for 'the_great_gatsby' (OL468431W)...
2026-07-07 17:35:26 [INFO] Fetching 'the_great_gatsby' - edition 1/10 (OL48590937M)...
2026-07-07 17:35:28 [INFO] Saved to ..\..\data\books\editions\Book=the_great_gatsby\Edition=01\data.json
2026-07-07 17:35:28 [INFO] Fetching 'the_great_gatsby' - edition 2/10 (OL39699283M)...
2026-07-07 17:35:30 [INFO] Saved to ..\..\data\books\editions\Book=the_great_gatsby\Edition=02\data.json
2026-07-07 17:35:31 [INFO] Fetching 'the_great_gatsby' - edition 3/10 (OL39660073M)...
2026-07-07 17:35:33 [INFO] Saved to ..\..\data\books\editions\Book=the_great_gatsby\Edition=03\data.json
2026-07-07 17:35:33 [INFO] Fetching 'the_great_gatsby' - edition 4/10 (OL39479050M)...
2026-07-07 17:35:35 [INFO] Saved to ..\..\data\books\editions\Book=the_great_gatsby\Edition=04\data.json
2026-07-07 17:35:36 [INFO] Fetching 'the_great_gatsby' - edition 5/10 (OL39459633M)...
2026-07-07 17:35:38 [INFO] Saved to ..\..\data\books\editions\Book=the_great_gatsby\Edition=05\data.json
2026-07-07 17:35:38 [INFO] Fetching 'the_great_gatsby' - edition 6/10 (OL38890576M)...
2026-07-07 17:35:40 [INFO] Saved to ..\..\data\books\editions\Book=the_great_gatsby\Edition=06\data.json
2026-07-07 17:35:41 [INFO] Fetching 'the_great_gatsby' - edition 7/10 (OL38556474M)...
2026-07-07 17:35:43 [INFO] Saved to ..\..\data\books\editions\Book=the_great_gatsby\Edition=07\data.json
2026-07-07 17:35:43 [INFO] Fetching 'the_great_gatsby' - edition 8/10 (OL38547514M)...
2026-07-07 17:35:45 [INFO] Saved to ..\..\data\books\editions\Book=the_great_gatsby\Edition=08\data.json
2026-07-07 17:35:46 [INFO] Fetching 'the_great_gatsby' - edition 9/10 (OL38546985M)...
2026-07-07 17:35:48 [INFO] Saved to ..\..\data\books\editions\Book=the_great_gatsby\Edition=09\data.json
2026-07-07 17:35:48 [INFO] Fetching 'the_great_gatsby' - edition 10/10 (OL38555255M)...
2026-07-07 17:35:50 [INFO] Saved to ..\..\data\books\editions\Book=the_great_gatsby\Edition=10\data.json
2026-07-07 17:35:50 [INFO] Looking up edition list for 'the_hobbit' (OL27482W)...
2026-07-07 17:35:52 [INFO] Fetching 'the_hobbit' - edition 1/10 (OL62190138M)...
2026-07-07 17:35:54 [INFO] Saved to ..\..\data\books\editions\Book=the_hobbit\Edition=01\data.json
2026-07-07 17:35:55 [INFO] Fetching 'the_hobbit' - edition 2/10 (OL61641547M)...
2026-07-07 17:35:57 [INFO] Saved to ..\..\data\books\editions\Book=the_hobbit\Edition=02\data.json
2026-07-07 17:35:57 [INFO] Fetching 'the_hobbit' - edition 3/10 (OL61640017M)...
2026-07-07 17:35:59 [INFO] Saved to ..\..\data\books\editions\Book=the_hobbit\Edition=03\data.json
2026-07-07 17:36:00 [INFO] Fetching 'the_hobbit' - edition 4/10 (OL59691274M)...
2026-07-07 17:36:02 [INFO] Saved to ..\..\data\books\editions\Book=the_hobbit\Edition=04\data.json
2026-07-07 17:36:02 [INFO] Fetching 'the_hobbit' - edition 5/10 (OL59690711M)...
2026-07-07 17:36:04 [INFO] Saved to ..\..\data\books\editions\Book=the_hobbit\Edition=05\data.json
2026-07-07 17:36:05 [INFO] Fetching 'the_hobbit' - edition 6/10 (OL58964146M)...
2026-07-07 17:36:07 [INFO] Saved to ..\..\data\books\editions\Book=the_hobbit\Edition=06\data.json
2026-07-07 17:36:07 [INFO] Fetching 'the_hobbit' - edition 7/10 (OL5526619M)...
2026-07-07 17:36:09 [INFO] Saved to ..\..\data\books\editions\Book=the_hobbit\Edition=07\data.json
2026-07-07 17:36:09 [INFO] Fetching 'the_hobbit' - edition 8/10 (OL51388456M)...
2026-07-07 17:36:12 [INFO] Saved to ..\..\data\books\editions\Book=the_hobbit\Edition=08\data.json
2026-07-07 17:36:12 [INFO] Fetching 'the_hobbit' - edition 9/10 (OL50965438M)...
2026-07-07 17:36:14 [INFO] Saved to ..\..\data\books\editions\Book=the_hobbit\Edition=09\data.json
2026-07-07 17:36:14 [INFO] Fetching 'the_hobbit' - edition 10/10 (OL50718853M)...
2026-07-07 17:36:16 [INFO] Saved to ..\..\data\books\editions\Book=the_hobbit\Edition=10\data.json
2026-07-07 17:36:17 [INFO] Looking up edition list for 'the_catcher_in_the_rye' (OL466465W)...
2026-07-07 17:36:19 [INFO] Fetching 'the_catcher_in_the_rye' - edition 1/1 (OL12709142M)...
2026-07-07 17:36:20 [INFO] Saved to ..\..\data\books\editions\Book=the_catcher_in_the_rye\Edition=01\data.json
2026-07-07 17:36:21 [INFO] Looking up edition list for 'the_hunger_games' (OL25815995W)...
2026-07-07 17:36:24 [INFO] Fetching 'the_hunger_games' - edition 1/1 (OL34808651M)...
2026-07-07 17:36:26 [INFO] Saved to ..\..\data\books\editions\Book=the_hunger_games\Edition=01\data.json
2026-07-07 17:36:26 [INFO] Looking up edition list for 'the_kite_runner' (OL11537334W)...
2026-07-07 17:36:28 [INFO] Fetching 'the_kite_runner' - edition 1/1 (OL15346077M)...
2026-07-07 17:36:30 [INFO] Saved to ..\..\data\books\editions\Book=the_kite_runner\Edition=01\data.json
2026-07-07 17:36:31 [INFO] Looking up edition list for 'sapiens' (OL22088918W)...
2026-07-07 17:36:33 [INFO] Fetching 'sapiens' - edition 1/1 (OL9031842M)...
2026-07-07 17:36:35 [INFO] Saved to ..\..\data\books\editions\Book=sapiens\Edition=01\data.json
2026-07-07 17:36:35 [INFO] Saved to '..\..\data\books\editions'.
2026-07-15 13:17:00 [INFO] Starting OpenLibrary editions download...
2026-07-15 13:17:00 [INFO] Looking up edition list for 'pride_and_prejudice' (OL205681W)...
2026-07-15 13:17:03 [INFO] Fetching 'pride_and_prejudice' - edition 1/4 (OL23303430M)...
2026-07-15 13:17:05 [INFO] Saved to ..\..\data\books\editions\Book=pride_and_prejudice\Edition=01\data.json
2026-07-15 13:17:06 [INFO] Fetching 'pride_and_prejudice' - edition 2/4 (OL18872864M)...
2026-07-15 13:17:08 [INFO] Saved to ..\..\data\books\editions\Book=pride_and_prejudice\Edition=02\data.json
2026-07-15 13:17:09 [INFO] Fetching 'pride_and_prejudice' - edition 3/4 (OL6939361M)...
2026-07-15 13:17:11 [INFO] Saved to ..\..\data\books\editions\Book=pride_and_prejudice\Edition=03\data.json
2026-07-15 13:17:11 [INFO] Fetching 'pride_and_prejudice' - edition 4/4 (OL7161378M)...
2026-07-15 13:17:14 [INFO] Saved to ..\..\data\books\editions\Book=pride_and_prejudice\Edition=04\data.json
2026-07-15 13:17:14 [INFO] Looking up edition list for '1984' (OL2064553W)...
2026-07-15 13:17:16 [INFO] Fetching '1984' - edition 1/1 (OL2241111M)...
2026-07-15 13:17:18 [INFO] Saved to ..\..\data\books\editions\Book=1984\Edition=01\data.json
2026-07-15 13:17:19 [INFO] Looking up edition list for 'dune' (OL24871618W)...
2026-07-15 13:17:21 [INFO] Fetching 'dune' - edition 1/1 (OL33059676M)...
2026-07-15 13:17:22 [INFO] Saved to ..\..\data\books\editions\Book=dune\Edition=01\data.json
2026-07-15 13:17:23 [INFO] Looking up edition list for 'to_kill_a_mockingbird' (OL2654143W)...
2026-07-15 13:17:25 [INFO] Fetching 'to_kill_a_mockingbird' - edition 1/1 (OL4884296M)...
2026-07-15 13:17:27 [INFO] Saved to ..\..\data\books\editions\Book=to_kill_a_mockingbird\Edition=01\data.json
2026-07-15 13:17:27 [INFO] Looking up edition list for 'the_great_gatsby' (OL468431W)...
2026-07-15 13:17:29 [INFO] Fetching 'the_great_gatsby' - edition 1/10 (OL48590937M)...
2026-07-15 13:17:31 [INFO] Saved to ..\..\data\books\editions\Book=the_great_gatsby\Edition=01\data.json
2026-07-15 13:17:31 [INFO] Fetching 'the_great_gatsby' - edition 2/10 (OL39699283M)...
2026-07-15 13:17:33 [INFO] Saved to ..\..\data\books\editions\Book=the_great_gatsby\Edition=02\data.json
2026-07-15 13:17:34 [INFO] Fetching 'the_great_gatsby' - edition 3/10 (OL39660073M)...
2026-07-15 13:17:36 [INFO] Saved to ..\..\data\books\editions\Book=the_great_gatsby\Edition=03\data.json
2026-07-15 13:17:36 [INFO] Fetching 'the_great_gatsby' - edition 4/10 (OL39479050M)...
2026-07-15 13:17:38 [INFO] Saved to ..\..\data\books\editions\Book=the_great_gatsby\Edition=04\data.json
2026-07-15 13:17:38 [INFO] Fetching 'the_great_gatsby' - edition 5/10 (OL39459633M)...
2026-07-15 13:17:40 [INFO] Saved to ..\..\data\books\editions\Book=the_great_gatsby\Edition=05\data.json
2026-07-15 13:17:41 [INFO] Fetching 'the_great_gatsby' - edition 6/10 (OL38890576M)...
2026-07-15 13:17:42 [INFO] Saved to ..\..\data\books\editions\Book=the_great_gatsby\Edition=06\data.json
2026-07-15 13:17:43 [INFO] Fetching 'the_great_gatsby' - edition 7/10 (OL38556474M)...
2026-07-15 13:17:45 [INFO] Saved to ..\..\data\books\editions\Book=the_great_gatsby\Edition=07\data.json
2026-07-15 13:17:45 [INFO] Fetching 'the_great_gatsby' - edition 8/10 (OL38547514M)...
2026-07-15 13:17:47 [INFO] Saved to ..\..\data\books\editions\Book=the_great_gatsby\Edition=08\data.json
2026-07-15 13:17:48 [INFO] Fetching 'the_great_gatsby' - edition 9/10 (OL38546985M)...
2026-07-15 13:17:49 [INFO] Saved to ..\..\data\books\editions\Book=the_great_gatsby\Edition=09\data.json
2026-07-15 13:17:50 [INFO] Fetching 'the_great_gatsby' - edition 10/10 (OL38555255M)...
2026-07-15 13:17:52 [INFO] Saved to ..\..\data\books\editions\Book=the_great_gatsby\Edition=10\data.json
2026-07-15 13:17:53 [INFO] Looking up edition list for 'the_hobbit' (OL27482W)...
2026-07-15 13:17:54 [INFO] Fetching 'the_hobbit' - edition 1/10 (OL62190138M)...
2026-07-15 13:17:56 [INFO] Saved to ..\..\data\books\editions\Book=the_hobbit\Edition=01\data.json
2026-07-15 13:17:57 [INFO] Fetching 'the_hobbit' - edition 2/10 (OL61641547M)...
2026-07-15 13:17:59 [INFO] Saved to ..\..\data\books\editions\Book=the_hobbit\Edition=02\data.json
2026-07-15 13:17:59 [INFO] Fetching 'the_hobbit' - edition 3/10 (OL61640017M)...
2026-07-15 13:18:01 [INFO] Saved to ..\..\data\books\editions\Book=the_hobbit\Edition=03\data.json
2026-07-15 13:18:02 [INFO] Fetching 'the_hobbit' - edition 4/10 (OL59691274M)...
2026-07-15 13:18:03 [INFO] Saved to ..\..\data\books\editions\Book=the_hobbit\Edition=04\data.json
2026-07-15 13:18:04 [INFO] Fetching 'the_hobbit' - edition 5/10 (OL59690711M)...
2026-07-15 13:18:06 [INFO] Saved to ..\..\data\books\editions\Book=the_hobbit\Edition=05\data.json
2026-07-15 13:18:07 [INFO] Fetching 'the_hobbit' - edition 6/10 (OL58964146M)...
2026-07-15 13:18:09 [INFO] Saved to ..\..\data\books\editions\Book=the_hobbit\Edition=06\data.json
2026-07-15 13:18:09 [INFO] Fetching 'the_hobbit' - edition 7/10 (OL5526619M)...
2026-07-15 13:18:11 [INFO] Saved to ..\..\data\books\editions\Book=the_hobbit\Edition=07\data.json
2026-07-15 13:18:12 [INFO] Fetching 'the_hobbit' - edition 8/10 (OL51388456M)...
2026-07-15 13:18:14 [INFO] Saved to ..\..\data\books\editions\Book=the_hobbit\Edition=08\data.json
2026-07-15 13:18:14 [INFO] Fetching 'the_hobbit' - edition 9/10 (OL50965438M)...
2026-07-15 13:18:16 [INFO] Saved to ..\..\data\books\editions\Book=the_hobbit\Edition=09\data.json
2026-07-15 13:18:17 [INFO] Fetching 'the_hobbit' - edition 10/10 (OL50718853M)...
2026-07-15 13:18:19 [INFO] Saved to ..\..\data\books\editions\Book=the_hobbit\Edition=10\data.json
2026-07-15 13:18:19 [INFO] Looking up edition list for 'the_catcher_in_the_rye' (OL466465W)...
2026-07-15 13:18:21 [INFO] Fetching 'the_catcher_in_the_rye' - edition 1/1 (OL12709142M)...
2026-07-15 13:18:23 [INFO] Saved to ..\..\data\books\editions\Book=the_catcher_in_the_rye\Edition=01\data.json
2026-07-15 13:18:23 [INFO] Looking up edition list for 'the_hunger_games' (OL25815995W)...
2026-07-15 13:18:25 [INFO] Fetching 'the_hunger_games' - edition 1/1 (OL34808651M)...
2026-07-15 13:18:28 [INFO] Saved to ..\..\data\books\editions\Book=the_hunger_games\Edition=01\data.json
2026-07-15 13:18:28 [INFO] Looking up edition list for 'the_kite_runner' (OL11537334W)...
2026-07-15 13:18:30 [INFO] Fetching 'the_kite_runner' - edition 1/1 (OL15346077M)...
2026-07-15 13:18:32 [INFO] Saved to ..\..\data\books\editions\Book=the_kite_runner\Edition=01\data.json
2026-07-15 13:18:32 [INFO] Looking up edition list for 'sapiens' (OL22088918W)...
2026-07-15 13:18:34 [INFO] Fetching 'sapiens' - edition 1/1 (OL9031842M)...
2026-07-15 13:18:36 [INFO] Saved to ..\..\data\books\editions\Book=sapiens\Edition=01\data.json
2026-07-15 13:18:37 [INFO] Saved to '..\..\data\books\editions'.
2026-07-15 13:45:33 [INFO] Starting OpenLibrary editions download...
2026-07-15 13:45:33 [INFO] Looking up edition list for 'pride_and_prejudice' (OL205681W)...
2026-07-15 13:45:36 [INFO] Fetching 'pride_and_prejudice' - edition 1/4 (OL23303430M)...
2026-07-15 13:45:38 [INFO] Saved to ..\..\data\books\editions\Book=pride_and_prejudice\Edition=01\data.json
2026-07-15 13:45:39 [INFO] Fetching 'pride_and_prejudice' - edition 2/4 (OL18872864M)...
2026-07-15 13:45:41 [INFO] Saved to ..\..\data\books\editions\Book=pride_and_prejudice\Edition=02\data.json
2026-07-15 13:45:41 [INFO] Fetching 'pride_and_prejudice' - edition 3/4 (OL6939361M)...
2026-07-15 13:45:44 [INFO] Saved to ..\..\data\books\editions\Book=pride_and_prejudice\Edition=03\data.json
2026-07-15 13:45:44 [INFO] Fetching 'pride_and_prejudice' - edition 4/4 (OL7161378M)...
2026-07-15 13:45:47 [INFO] Saved to ..\..\data\books\editions\Book=pride_and_prejudice\Edition=04\data.json
2026-07-15 13:45:47 [INFO] Looking up edition list for '1984' (OL2064553W)...
2026-07-15 13:45:49 [INFO] Fetching '1984' - edition 1/1 (OL2241111M)...
2026-07-15 13:45:52 [INFO] Saved to ..\..\data\books\editions\Book=1984\Edition=01\data.json
2026-07-15 13:45:52 [INFO] Looking up edition list for 'dune' (OL24871618W)...
2026-07-15 13:45:55 [INFO] Fetching 'dune' - edition 1/1 (OL33059676M)...
2026-07-15 13:45:57 [INFO] Saved to ..\..\data\books\editions\Book=dune\Edition=01\data.json
2026-07-15 13:45:57 [INFO] Looking up edition list for 'to_kill_a_mockingbird' (OL2654143W)...
2026-07-15 13:46:00 [INFO] Fetching 'to_kill_a_mockingbird' - edition 1/1 (OL4884296M)...
2026-07-15 13:46:02 [INFO] Saved to ..\..\data\books\editions\Book=to_kill_a_mockingbird\Edition=01\data.json
2026-07-15 13:46:03 [INFO] Looking up edition list for 'the_great_gatsby' (OL468431W)...
2026-07-15 13:46:05 [INFO] Fetching 'the_great_gatsby' - edition 1/10 (OL48590937M)...
2026-07-15 13:46:07 [INFO] Saved to ..\..\data\books\editions\Book=the_great_gatsby\Edition=01\data.json
2026-07-15 13:46:08 [INFO] Fetching 'the_great_gatsby' - edition 2/10 (OL39699283M)...
2026-07-15 13:46:10 [INFO] Saved to ..\..\data\books\editions\Book=the_great_gatsby\Edition=02\data.json
2026-07-15 13:46:11 [INFO] Fetching 'the_great_gatsby' - edition 3/10 (OL39660073M)...
2026-07-15 13:46:14 [INFO] Saved to ..\..\data\books\editions\Book=the_great_gatsby\Edition=03\data.json
2026-07-15 13:46:14 [INFO] Fetching 'the_great_gatsby' - edition 4/10 (OL39479050M)...
2026-07-15 13:46:16 [INFO] Saved to ..\..\data\books\editions\Book=the_great_gatsby\Edition=04\data.json
2026-07-15 13:46:17 [INFO] Fetching 'the_great_gatsby' - edition 5/10 (OL39459633M)...
2026-07-15 13:46:19 [INFO] Saved to ..\..\data\books\editions\Book=the_great_gatsby\Edition=05\data.json
2026-07-15 13:46:20 [INFO] Fetching 'the_great_gatsby' - edition 6/10 (OL38890576M)...
2026-07-15 13:46:22 [INFO] Saved to ..\..\data\books\editions\Book=the_great_gatsby\Edition=06\data.json
2026-07-15 13:46:23 [INFO] Fetching 'the_great_gatsby' - edition 7/10 (OL38556474M)...
2026-07-15 13:46:25 [INFO] Saved to ..\..\data\books\editions\Book=the_great_gatsby\Edition=07\data.json
2026-07-15 13:46:26 [INFO] Fetching 'the_great_gatsby' - edition 8/10 (OL38547514M)...
2026-07-15 13:46:28 [INFO] Saved to ..\..\data\books\editions\Book=the_great_gatsby\Edition=08\data.json
2026-07-15 13:46:29 [INFO] Fetching 'the_great_gatsby' - edition 9/10 (OL38546985M)...
2026-07-15 13:46:31 [INFO] Saved to ..\..\data\books\editions\Book=the_great_gatsby\Edition=09\data.json
2026-07-15 13:46:32 [INFO] Fetching 'the_great_gatsby' - edition 10/10 (OL38555255M)...
2026-07-15 13:46:34 [INFO] Saved to ..\..\data\books\editions\Book=the_great_gatsby\Edition=10\data.json
2026-07-15 13:46:35 [INFO] Looking up edition list for 'the_hobbit' (OL27482W)...
2026-07-15 13:46:38 [INFO] Fetching 'the_hobbit' - edition 1/10 (OL62190138M)...
2026-07-15 13:46:40 [INFO] Saved to ..\..\data\books\editions\Book=the_hobbit\Edition=01\data.json
2026-07-15 13:46:40 [INFO] Fetching 'the_hobbit' - edition 2/10 (OL61641547M)...
2026-07-15 13:46:43 [INFO] Saved to ..\..\data\books\editions\Book=the_hobbit\Edition=02\data.json
2026-07-15 13:46:43 [INFO] Fetching 'the_hobbit' - edition 3/10 (OL61640017M)...
2026-07-15 13:46:46 [INFO] Saved to ..\..\data\books\editions\Book=the_hobbit\Edition=03\data.json
2026-07-15 13:46:47 [INFO] Fetching 'the_hobbit' - edition 4/10 (OL59691274M)...
2026-07-15 13:46:49 [INFO] Saved to ..\..\data\books\editions\Book=the_hobbit\Edition=04\data.json
2026-07-15 13:46:49 [INFO] Fetching 'the_hobbit' - edition 5/10 (OL59690711M)...
2026-07-15 13:46:52 [INFO] Saved to ..\..\data\books\editions\Book=the_hobbit\Edition=05\data.json
2026-07-15 13:46:52 [INFO] Fetching 'the_hobbit' - edition 6/10 (OL58964146M)...
2026-07-15 13:46:55 [INFO] Saved to ..\..\data\books\editions\Book=the_hobbit\Edition=06\data.json
2026-07-15 13:46:55 [INFO] Fetching 'the_hobbit' - edition 7/10 (OL5526619M)...
2026-07-15 13:46:58 [INFO] Saved to ..\..\data\books\editions\Book=the_hobbit\Edition=07\data.json
2026-07-15 13:46:58 [INFO] Fetching 'the_hobbit' - edition 8/10 (OL51388456M)...
2026-07-15 13:47:01 [INFO] Saved to ..\..\data\books\editions\Book=the_hobbit\Edition=08\data.json
2026-07-15 13:47:01 [INFO] Fetching 'the_hobbit' - edition 9/10 (OL50965438M)...
2026-07-15 13:47:04 [INFO] Saved to ..\..\data\books\editions\Book=the_hobbit\Edition=09\data.json
2026-07-15 13:47:04 [INFO] Fetching 'the_hobbit' - edition 10/10 (OL50718853M)...
2026-07-15 13:47:07 [INFO] Saved to ..\..\data\books\editions\Book=the_hobbit\Edition=10\data.json
2026-07-15 13:47:07 [INFO] Looking up edition list for 'the_catcher_in_the_rye' (OL466465W)...
2026-07-15 13:47:10 [INFO] Fetching 'the_catcher_in_the_rye' - edition 1/1 (OL12709142M)...
2026-07-15 13:47:12 [INFO] Saved to ..\..\data\books\editions\Book=the_catcher_in_the_rye\Edition=01\data.json
2026-07-15 13:47:13 [INFO] Looking up edition list for 'the_hunger_games' (OL25815995W)...
2026-07-15 13:47:16 [INFO] Fetching 'the_hunger_games' - edition 1/1 (OL34808651M)...
2026-07-15 13:47:18 [INFO] Saved to ..\..\data\books\editions\Book=the_hunger_games\Edition=01\data.json
2026-07-15 13:47:19 [INFO] Looking up edition list for 'the_kite_runner' (OL11537334W)...
2026-07-15 13:47:22 [INFO] Fetching 'the_kite_runner' - edition 1/1 (OL15346077M)...
2026-07-15 13:47:24 [INFO] Saved to ..\..\data\books\editions\Book=the_kite_runner\Edition=01\data.json
2026-07-15 13:47:24 [INFO] Looking up edition list for 'sapiens' (OL22088918W)...
2026-07-15 13:47:27 [INFO] Fetching 'sapiens' - edition 1/1 (OL9031842M)...
2026-07-15 13:47:29 [INFO] Saved to ..\..\data\books\editions\Book=sapiens\Edition=01\data.json
2026-07-15 13:47:30 [INFO] Saved to '..\..\data\books\editions'.
