2026-07-07 16:35:21 [INFO] Starting OpenLibrary authors download...
2026-07-07 16:35:21 [INFO] Fetching author: 'jk_rowling' (OL23919A)...
2026-07-07 16:35:24 [INFO] Saved to ..\..\data\Authors\Author=jk_rowling\data.json
2026-07-07 16:35:24 [INFO] Fetching author: 'eliezer_yudkowsky' (OL7288845A)...
2026-07-07 16:35:26 [INFO] Saved to ..\..\data\Authors\Author=eliezer_yudkowsky\data.json
2026-07-07 16:35:27 [INFO] Fetching author: 'david_colbert' (OL1399035A)...
2026-07-07 16:35:28 [INFO] Saved to ..\..\data\Authors\Author=david_colbert\data.json
2026-07-07 16:35:29 [INFO] Fetching author: 'philip_nel' (OL622143A)...
2026-07-07 16:35:31 [INFO] Saved to ..\..\data\Authors\Author=philip_nel\data.json
2026-07-07 16:35:32 [INFO] Fetching author: 'roger_highfield' (OL225628A)...
2026-07-07 16:35:34 [INFO] Saved to ..\..\data\Authors\Author=roger_highfield\data.json
2026-07-07 16:35:34 [INFO] Fetching author: 'john_granger' (OL1388274A)...
2026-07-07 16:35:36 [INFO] Saved to ..\..\data\Authors\Author=john_granger\data.json
2026-07-07 16:35:37 [INFO] Fetching author: 'elizabeth_heilman' (OL2699880A)...
2026-07-07 16:35:39 [INFO] Saved to ..\..\data\Authors\Author=elizabeth_heilman\data.json
2026-07-07 16:35:39 [INFO] Fetching author: 'richard_abanes' (OL392226A)...
2026-07-07 16:35:41 [INFO] Saved to ..\..\data\Authors\Author=richard_abanes\data.json
2026-07-07 16:35:42 [INFO] Fetching author: 'julia_eccleshare' (OL2623174A)...
2026-07-07 16:35:44 [INFO] Saved to ..\..\data\Authors\Author=julia_eccleshare\data.json
2026-07-07 16:35:45 [INFO] Fetching author: 'edmund_kern' (OL1514872A)...
2026-07-07 16:35:46 [INFO] Saved to ..\..\data\Authors\Author=edmund_kern\data.json
2026-07-07 16:35:47 [INFO] Saved to '..\..\data\Authors'.
